2024-06-23 01:40:16,648 [INFO] from play.api.db.DefaultDBApi in play-dev-mode-pekko.actor.default-dispatcher-10 - Database [default] initialized
2024-06-23 01:40:16,661 [INFO] from play.api.db.HikariCPConnectionPool in play-dev-mode-pekko.actor.default-dispatcher-10 - Creating Pool for datasource 'default'
2024-06-23 01:40:16,687 [INFO] from play.api.db.DefaultDBApi in play-dev-mode-pekko.actor.default-dispatcher-10 - Database [;   default] initialized
2024-06-23 01:40:16,687 [INFO] from play.api.db.HikariCPConnectionPool in play-dev-mode-pekko.actor.default-dispatcher-10 - Creating Pool for datasource ';   default'
2024-06-23 01:40:17,445 [INFO] from application in play-dev-mode-pekko.actor.default-dispatcher-10 - ApplicationTimer demo: Starting application at 2024-06-22T20:10:17.444847842Z
2024-06-23 01:40:17,457 [INFO] from play.api.http.EnabledFilters in play-dev-mode-pekko.actor.default-dispatcher-10 - Enabled Filters (see <https://www.playframework.com/documentation/latest/Filters>):

    play.filters.csrf.CSRFFilter
    play.filters.headers.SecurityHeadersFilter
    play.filters.hosts.AllowedHostsFilter
    filters.ExampleFilter

2024-06-23 01:40:17,520 [INFO] from play.api.Play in play-dev-mode-pekko.actor.default-dispatcher-10 - Application started (Dev) (no global state)
2024-06-23 01:40:17,713 [WARN] from play.filters.CSRF in application-pekko.actor.default-dispatcher-4 - [CSRF] Check failed because no token found in headers for /authenticate
2024-06-23 01:40:20,802 [WARN] from play.filters.CSRF in application-pekko.actor.default-dispatcher-4 - [CSRF] Check failed because no token found in headers for /authenticate
2024-06-23 01:41:11,690 [INFO] from play.api.internal.libs.concurrent.CoordinatedShutdownSupport in pool-5-thread-1 - Starting synchronous coordinated shutdown with ServerStoppedReason reason and 40000 milliseconds timeout
2024-06-23 01:41:11,691 [INFO] from play.core.server.PekkoHttpServer in pool-5-thread-1 - Stopping Pekko HTTP server...
2024-06-23 01:41:11,695 [INFO] from play.core.server.PekkoHttpServer in play-dev-mode-pekko.actor.internal-dispatcher-8 - Unbinding /[0:0:0:0:0:0:0:0]:9000
2024-06-23 01:41:11,697 [INFO] from play.core.server.PekkoHttpServer in play-dev-mode-pekko.actor.internal-dispatcher-3 - Terminating server binding for /[0:0:0:0:0:0:0:0]:9000
2024-06-23 01:41:11,703 [INFO] from application in application-pekko.actor.internal-dispatcher-2 - ApplicationTimer demo: Stopping application at 2024-06-22T20:11:11.702900896Z after 54s.
2024-06-23 01:41:11,703 [INFO] from play.api.db.HikariCPConnectionPool in application-pekko.actor.internal-dispatcher-2 - Shutting down connection pool.
2024-06-23 01:41:11,707 [INFO] from play.api.db.HikariCPConnectionPool in application-pekko.actor.internal-dispatcher-2 - Shutting down connection pool.
2024-06-23 01:41:11,717 [INFO] from play.core.server.PekkoHttpServer in play-dev-mode-pekko.actor.internal-dispatcher-14 - Running provided shutdown stop hooks
