[0m[[0m[0mdebug[0m] [0m[0m> Exec(run, Some(5a2bf8e0-6a52-4548-bec3-2ad531dfc441), Some(CommandSource(console0)))[0m
[0m[[0m[0mdebug[0m] [0m[0mEvaluating tasks: Compile / run[0m
[0m[[0m[0mdebug[0m] [0m[0mRunning task... Cancel: Signal, check cycles: false, forcegc: true[0m
[0m[[0m[0mdebug[0m] [0m[0mRunning task... Cancel: Signal, check cycles: false, forcegc: true[0m
[0m[[0m[0mdebug[0m] [0m[0mRunning task... Cancel: Signal, check cycles: false, forcegc: true[0m
[0m[[0m[0mdebug[0m] [0m[0mExporting web-assets:chatroom-application[0m
[0m[[0m[0mdebug[0m] [0m[0mRunning task... Cancel: Signal, check cycles: false, forcegc: true[0m
[0m[[0m[0minfo[0m] [0m[0mcompiling 1 Scala source and 1 Java source to /home/utkarsh/Documents/Play-Scala Chatroom Application/target/scala-2.13/classes ...[0m
[0m[[0m[0minfo[0m] [0m[0mAnnotation processing is enabled because one or more processors were found[0m
[0m[[0m[0minfo[0m] [0m[0m  on the class path. A future release of javac may disable annotation processing[0m
[0m[[0m[0minfo[0m] [0m[0m  unless at least one processor is specified by name (-processor), or a search[0m
[0m[[0m[0minfo[0m] [0m[0m  path is specified (--processor-path, --processor-module-path), or annotation[0m
[0m[[0m[0minfo[0m] [0m[0m  processing is enabled explicitly (-proc:only, -proc:full).[0m
[0m[[0m[0minfo[0m] [0m[0m  Use -Xlint:-options to suppress this message.[0m
[0m[[0m[0minfo[0m] [0m[0m  Use -proc:none to disable annotation processing.[0m
[0m[[0m[0mdebug[0m] [0m[0mRunning task... Cancel: Signal, check cycles: false, forcegc: true[0m
[0m[[0m[0minfo[0m] [0m[0mcompiling 11 Scala sources and 12 Java sources to /home/utkarsh/Documents/Play-Scala Chatroom Application/target/scala-2.13/classes ...[0m
[0m[[0m[0mdebug[0m] [0m[0mExporting web-assets:chatroom-application[0m
[0m[[0m[33mwarn[0m] [0m[0m/home/utkarsh/Documents/Play-Scala Chatroom Application/app/views/Chatroom/Login.scala.html:22:66: symbol literal is deprecated; use Symbol("class") instead [quickfixable][0m
[0m[[0m[33mwarn[0m] [0m[0m            @form(action = routes.HomeController.authenticate(), 'class -> "form-horizontal pb-4") {[0m
[0m[[0m[33mwarn[0m] [0m[0m                                                                 ^[0m
[0m[[0m[33mwarn[0m] [0m[0m/home/utkarsh/Documents/Play-Scala Chatroom Application/app/views/Chatroom/Login.scala.html:24:50: symbol literal is deprecated; use Symbol("_label") instead [quickfixable][0m
[0m[[0m[33mwarn[0m] [0m[0m                @inputText(userForm("username"), '_label -> "Username", 'class -> "form-control")[0m
[0m[[0m[33mwarn[0m] [0m[0m                                                 ^[0m
[0m[[0m[33mwarn[0m] [0m[0m/home/utkarsh/Documents/Play-Scala Chatroom Application/app/views/Chatroom/Login.scala.html:24:73: symbol literal is deprecated; use Symbol("class") instead [quickfixable][0m
[0m[[0m[33mwarn[0m] [0m[0m                @inputText(userForm("username"), '_label -> "Username", 'class -> "form-control")[0m
[0m[[0m[33mwarn[0m] [0m[0m                                                                        ^[0m
[0m[[0m[33mwarn[0m] [0m[0m/home/utkarsh/Documents/Play-Scala Chatroom Application/app/views/Chatroom/Login.scala.html:27:54: symbol literal is deprecated; use Symbol("_label") instead [quickfixable][0m
[0m[[0m[33mwarn[0m] [0m[0m                @inputPassword(userForm("password"), '_label -> "Password", 'class -> "form-control")[0m
[0m[[0m[33mwarn[0m] [0m[0m                                                     ^[0m
[0m[[0m[33mwarn[0m] [0m[0m/home/utkarsh/Documents/Play-Scala Chatroom Application/app/views/Chatroom/Login.scala.html:27:77: symbol literal is deprecated; use Symbol("class") instead [quickfixable][0m
[0m[[0m[33mwarn[0m] [0m[0m                @inputPassword(userForm("password"), '_label -> "Password", 'class -> "form-control")[0m
[0m[[0m[33mwarn[0m] [0m[0m                                                                            ^[0m
[0m[[0m[33mwarn[0m] [0m[0m/home/utkarsh/Documents/Play-Scala Chatroom Application/app/views/Chatroom/Register.scala.html:21:58: symbol literal is deprecated; use Symbol("class") instead [quickfixable][0m
[0m[[0m[33mwarn[0m] [0m[0m            @form(action = routes.HomeController.save(), 'class -> "form-horizontal pb-4") {[0m
[0m[[0m[33mwarn[0m] [0m[0m                                                         ^[0m
[0m[[0m[33mwarn[0m] [0m[0m/home/utkarsh/Documents/Play-Scala Chatroom Application/app/views/Chatroom/Register.scala.html:23:50: symbol literal is deprecated; use Symbol("_label") instead [quickfixable][0m
[0m[[0m[33mwarn[0m] [0m[0m                @inputText(userForm("username"), '_label -> "Username", 'class -> "form-control")[0m
[0m[[0m[33mwarn[0m] [0m[0m                                                 ^[0m
[0m[[0m[33mwarn[0m] [0m[0m/home/utkarsh/Documents/Play-Scala Chatroom Application/app/views/Chatroom/Register.scala.html:23:73: symbol literal is deprecated; use Symbol("class") instead [quickfixable][0m
[0m[[0m[33mwarn[0m] [0m[0m                @inputText(userForm("username"), '_label -> "Username", 'class -> "form-control")[0m
[0m[[0m[33mwarn[0m] [0m[0m                                                                        ^[0m
[0m[[0m[33mwarn[0m] [0m[0m/home/utkarsh/Documents/Play-Scala Chatroom Application/app/views/Chatroom/Register.scala.html:26:50: symbol literal is deprecated; use Symbol("_label") instead [quickfixable][0m
[0m[[0m[33mwarn[0m] [0m[0m                @inputText(userForm("password"), '_label -> "Password", 'class -> "form-control")[0m
[0m[[0m[33mwarn[0m] [0m[0m                                                 ^[0m
[0m[[0m[33mwarn[0m] [0m[0m/home/utkarsh/Documents/Play-Scala Chatroom Application/app/views/Chatroom/Register.scala.html:26:73: symbol literal is deprecated; use Symbol("class") instead [quickfixable][0m
[0m[[0m[33mwarn[0m] [0m[0m                @inputText(userForm("password"), '_label -> "Password", 'class -> "form-control")[0m
[0m[[0m[33mwarn[0m] [0m[0m                                                                        ^[0m
[0m[[0m[31merror[0m] [0m[0m## Exception when compiling 23 sources to /home/utkarsh/Documents/Play-Scala Chatroom Application/target/scala-2.13/classes[0m
[0m[[0m[31merror[0m] [0m[0mjava.lang.OutOfMemoryError: Metaspace[0m
[0m[[0m[31merror[0m] [0m[0mjava.base/java.lang.ClassLoader.defineClass1(Native Method)[0m
[0m[[0m[31merror[0m] [0m[0mjava.base/java.lang.ClassLoader.defineClass(ClassLoader.java:1027)[0m
[0m[[0m[31merror[0m] [0m[0mjava.base/java.security.SecureClassLoader.defineClass(SecureClassLoader.java:150)[0m
[0m[[0m[31merror[0m] [0m[0mjava.base/java.net.URLClassLoader.defineClass(URLClassLoader.java:524)[0m
[0m[[0m[31merror[0m] [0m[0mjava.base/java.net.URLClassLoader$1.run(URLClassLoader.java:427)[0m
[0m[[0m[31merror[0m] [0m[0mjava.base/java.net.URLClassLoader$1.run(URLClassLoader.java:421)[0m
[0m[[0m[31merror[0m] [0m[0mjava.base/java.security.AccessController.executePrivileged(AccessController.java:809)[0m
[0m[[0m[31merror[0m] [0m[0mjava.base/java.security.AccessController.doPrivileged(AccessController.java:714)[0m
[0m[[0m[31merror[0m] [0m[0mjava.base/java.net.URLClassLoader.findClass(URLClassLoader.java:420)[0m
[0m[[0m[31merror[0m] [0m[0mjava.base/java.lang.ClassLoader.loadClass(ClassLoader.java:593)[0m
[0m[[0m[31merror[0m] [0m[0mjava.base/java.lang.ClassLoader.loadClass(ClassLoader.java:526)[0m
[0m[[0m[31merror[0m] [0m[0mscala.collection.MapView.filterKeys(MapView.scala:45)[0m
[0m[[0m[31merror[0m] [0m[0mscala.collection.MapView.filterKeys$(MapView.scala:45)[0m
[0m[[0m[31merror[0m] [0m[0mscala.collection.AbstractMapView.filterKeys(MapView.scala:187)[0m
[0m[[0m[31merror[0m] [0m[0mscala.tools.nsc.transform.SpecializeTypes$TypeEnv$.restrict(SpecializeTypes.scala:173)[0m
[0m[[0m[31merror[0m] [0m[0mscala.tools.nsc.transform.SpecializeTypes.$anonfun$specialOverrides$4(SpecializeTypes.scala:1101)[0m
[0m[[0m[31merror[0m] [0m[0mscala.tools.nsc.transform.SpecializeTypes.needsSpecialOverride$1(SpecializeTypes.scala:1089)[0m
[0m[[0m[31merror[0m] [0m[0mscala.tools.nsc.transform.SpecializeTypes.$anonfun$specialOverrides$9(SpecializeTypes.scala:1111)[0m
[0m[[0m[31merror[0m] [0m[0mscala.tools.nsc.transform.SpecializeTypes$$Lambda/0x00007882d4e6bd38.apply(Unknown Source)[0m
[0m[[0m[31merror[0m] [0m[0mscala.collection.Iterator$$anon$10.nextCur(Iterator.scala:594)[0m
[0m[[0m[31merror[0m] [0m[0mscala.collection.Iterator$$anon$10.hasNext(Iterator.scala:608)[0m
[0m[[0m[31merror[0m] [0m[0mscala.collection.immutable.List.prependedAll(List.scala:152)[0m
[0m[[0m[31merror[0m] [0m[0mscala.collection.immutable.List$.from(List.scala:685)[0m
[0m[[0m[31merror[0m] [0m[0mscala.collection.immutable.List$.from(List.scala:682)[0m
[0m[[0m[31merror[0m] [0m[0mscala.collection.IterableFactory$Delegate.from(Factory.scala:288)[0m
[0m[[0m[31merror[0m] [0m[0mscala.collection.immutable.Iterable$.from(Iterable.scala:35)[0m
[0m[[0m[31merror[0m] [0m[0mscala.collection.immutable.Iterable$.from(Iterable.scala:32)[0m
[0m[[0m[31merror[0m] [0m[0mscala.collection.IterableFactory$Delegate.from(Factory.scala:288)[0m
[0m[[0m[31merror[0m] [0m[0mscala.collection.IterableOps.flatMap(Iterable.scala:686)[0m
[0m[[0m[31merror[0m] [0m[0mscala.collection.IterableOps.flatMap$(Iterable.scala:686)[0m
[0m[[0m[31merror[0m] [0m[0mscala.collection.AbstractIterable.flatMap(Iterable.scala:935)[0m
[0m[[0m[31merror[0m] [0m[0mscala.tools.nsc.transform.SpecializeTypes.specialOverrides(SpecializeTypes.scala:1110)[0m
[0m[[0m[31merror[0m] [0m[0m           [0m
[0m[[0m[0minfo[0m] [0m[0mshutting down sbt server[0m
