[0m[[0m[0mdebug[0m] [0m[0m> Exec(early(addDefaultCommands), None, None)[0m
[0m[[0m[0mdebug[0m] [0m[0m> Exec(addDefaultCommands, None, None)[0m
[0m[[0m[0mdebug[0m] [0m[0m> Exec(early(initialize), None, None)[0m
[0m[[0m[0mdebug[0m] [0m[0m> Exec(initialize, None, None)[0m
[0m[[0m[0mdebug[0m] [0m[0m> Exec(boot, None, None)[0m
[0m[[0m[0mdebug[0m] [0m[0m> Exec(writeSbtVersion, None, None)[0m
[0m[[0m[0mdebug[0m] [0m[0m> Exec(reload, None, None)[0m
[0m[[0m[0mdebug[0m] [0m[0m> Exec(sbtStashOnFailure, None, None)[0m
[0m[[0m[0mdebug[0m] [0m[0m> Exec(onFailure loadFailed, None, None)[0m
[0m[[0m[0mdebug[0m] [0m[0m> Exec(loadp, None, None)[0m
[0m[[0m[0minfo[0m] [0m[0mwelcome to sbt 1.10.0 (Ubuntu Java 21.0.3)[0m
[0m[[0m[0mdebug[0m] [0m[0mLoad.defaultLoad until apply took 57.950792ms[0m
[0m[[0m[0mdebug[0m] [0m[0m          Load.loadUnit: plugins took 34.78715ms[0m
[0m[[0m[0mdebug[0m] [0m[0m          Load.loadUnit: defsScala took 0.225581ms[0m
[0m[[0m[0mdebug[0m] [0m[0m[Loading] Scanning directory /home/utkarsh/Documents/Play-Scala Chatroom Application/project[0m
[0m[[0m[0mdebug[0m] [0m[0m            Load.loadUnit: mkEval took 3.899459ms[0m
[0m[[0m[0mdebug[0m] [0m[0m[Loading] Found non-root projects [0m
[0m[[0m[0mdebug[0m] [0m[0m[Loading] Done in /home/utkarsh/Documents/Play-Scala Chatroom Application/project, returning: ()[0m
[0m[[0m[0mdebug[0m] [0m[0mdeducing auto plugins based on known facts Set(Atom(sbt.plugins.CorePlugin)) and clauses Clauses(Clause(Atom(sbt.plugins.JvmPlugin),Set(Atom(sbt.plugins.IvyPlugin)))[0m
[0m[[0m[0mdebug[0m] [0m[0mClause(Atom(sbt.ScriptedPlugin),Set(Atom(sbt.plugins.JvmPlugin)))[0m
[0m[[0m[0mdebug[0m] [0m[0mClause(Atom(sbt.plugins.SbtPlugin),Set(Atom(sbt.ScriptedPlugin)))[0m
[0m[[0m[0mdebug[0m] [0m[0mClause(Atom(sbt.plugins.SemanticdbPlugin),Set(Atom(sbt.plugins.JvmPlugin)))[0m
[0m[[0m[0mdebug[0m] [0m[0mClause(Atom(sbt.plugins.JUnitXmlReportPlugin),Set(Atom(sbt.plugins.JvmPlugin)))[0m
[0m[[0m[0mdebug[0m] [0m[0mClause(Atom(sbt.plugins.MiniDependencyTreePlugin),Set(Atom(sbt.plugins.JvmPlugin)))[0m
[0m[[0m[0mdebug[0m] [0m[0mClause(Atom(sbt.plugins.CorePlugin),Set(Atom(sbt.plugins.IvyPlugin)))[0m
[0m[[0m[0mdebug[0m] [0m[0mClause(Atom(sbt.plugins.IvyPlugin),Set(Atom(sbt.plugins.JvmPlugin)))[0m
[0m[[0m[0mdebug[0m] [0m[0mClause(Atom(sbt.plugins.JvmPlugin),Set(Atom(sbt.plugins.SemanticdbPlugin)))[0m
[0m[[0m[0mdebug[0m] [0m[0mClause(Atom(sbt.plugins.JvmPlugin),Set(Atom(sbt.plugins.JUnitXmlReportPlugin)))[0m
[0m[[0m[0mdebug[0m] [0m[0mClause(Atom(sbt.plugins.CorePlugin),Set(Atom(sbt.plugins.Giter8TemplatePlugin)))[0m
[0m[[0m[0mdebug[0m] [0m[0mClause(Atom(sbt.plugins.JvmPlugin),Set(Atom(sbt.plugins.MiniDependencyTreePlugin))))[0m
[0m[[0m[0mdebug[0m] [0m[0m  :: deduced result: Matched(sbt.plugins.CorePlugin,sbt.plugins.Giter8TemplatePlugin,sbt.plugins.IvyPlugin,sbt.plugins.JvmPlugin,sbt.plugins.MiniDependencyTreePlugin,sbt.plugins.JUnitXmlReportPlugin,sbt.plugins.SemanticdbPlugin)[0m
[0m[[0m[0mdebug[0m] [0m[0mPlugins.deducer#function took 10.006151 ms[0m
[0m[[0m[0minfo[0m] [0m[0mloading settings for project play-scala-chatroom-application-build from plugins.sbt ...[0m
[0m[[0m[0mdebug[0m] [0m[0m              Load.resolveProject(play-scala-chatroom-application-build) took 22.441376ms[0m
[0m[[0m[0mdebug[0m] [0m[0m            Load.loadTransitive: finalizeProject(Project(id play-scala-chatroom-application-build, base: /home/utkarsh/Documents/Play-Scala Chatroom Application/project, plugins: List(<none>))) took 49.381156ms[0m
[0m[[0m[0mdebug[0m] [0m[0m[Loading] Done in /home/utkarsh/Documents/Play-Scala Chatroom Application/project, returning: (play-scala-chatroom-application-build)[0m
[0m[[0m[0mdebug[0m] [0m[0m          Load.loadUnit: loadedProjectsRaw took 438.639635ms[0m
[0m[[0m[0mdebug[0m] [0m[0m          Load.loadUnit: cleanEvalClasses took 4.632257ms[0m
[0m[[0m[0mdebug[0m] [0m[0m        Load.loadUnit(file:/home/utkarsh/Documents/Play-Scala%20Chatroom%20Application/project/, ...) took 482.644112ms[0m
[0m[[0m[0mdebug[0m] [0m[0m      Load.apply: load took 555.340284ms[0m
[0m[[0m[0mdebug[0m] [0m[0m      Load.apply: resolveProjects took 2.758713ms[0m
[0m[[0m[0mdebug[0m] [0m[0m      Load.apply: finalTransforms took 45.515569ms[0m
[0m[[0m[0mdebug[0m] [0m[0m      Load.apply: config.delegates took 3.809876ms[0m
[0m[[0m[0mdebug[0m] [0m[0m      Load.apply: Def.make(settings)... took 234.059743ms[0m
[0m[[0m[0mdebug[0m] [0m[0m      Load.apply: structureIndex took 133.112211ms[0m
[0m[[0m[0mdebug[0m] [0m[0m      Load.apply: mkStreams took 1.250905ms[0m
[0m[[0m[0minfo[0m] [0m[0mloading project definition from /home/utkarsh/Documents/Play-Scala Chatroom Application/project[0m
[0m[[0m[0mdebug[0m] [0m[0mRunning task... Cancel: Signal, check cycles: false, forcegc: true[0m
[0m[[0m[0mdebug[0m] [0m[0m    Load.loadUnit: plugins took 1778.72796ms[0m
[0m[[0m[0mdebug[0m] [0m[0m    Load.loadUnit: defsScala took 0.003614ms[0m
[0m[[0m[0mdebug[0m] [0m[0m[Loading] Scanning directory /home/utkarsh/Documents/Play-Scala Chatroom Application[0m
[0m[[0m[0mdebug[0m] [0m[0m      Load.loadUnit: mkEval took 0.267036ms[0m
[0m[[0m[0mdebug[0m] [0m[0m[Loading] Found root project root w/ remaining [0m
[0m[[0m[0mdebug[0m] [0m[0mdeducing auto plugins based on known facts Set(Atom(play.sbt.PlayJava), Atom(play.ebean.sbt.PlayEbean), Atom(sbt.plugins.CorePlugin)) and clauses Clauses(Clause(Atom(sbt.plugins.JvmPlugin),Set(Atom(sbt.plugins.IvyPlugin)))[0m
[0m[[0m[0mdebug[0m] [0m[0mClause(Atom(sbt.ScriptedPlugin),Set(Atom(sbt.plugins.JvmPlugin)))[0m
[0m[[0m[0mdebug[0m] [0m[0mClause(Atom(sbt.plugins.SbtPlugin),Set(Atom(sbt.ScriptedPlugin)))[0m
[0m[[0m[0mdebug[0m] [0m[0mClause(Atom(sbt.plugins.SemanticdbPlugin),Set(Atom(sbt.plugins.JvmPlugin)))[0m
[0m[[0m[0mdebug[0m] [0m[0mClause(Atom(sbt.plugins.JUnitXmlReportPlugin),Set(Atom(sbt.plugins.JvmPlugin)))[0m
[0m[[0m[0mdebug[0m] [0m[0mClause(Atom(sbt.plugins.MiniDependencyTreePlugin),Set(Atom(sbt.plugins.JvmPlugin)))[0m
[0m[[0m[0mdebug[0m] [0m[0mClause(Atom(play.sbt.Play),Set(Atom(play.sbt.routes.RoutesCompiler)))[0m
[0m[[0m[0mdebug[0m] [0m[0mClause(Atom(play.sbt.Play),Set(Atom(com.typesafe.sbt.jse.SbtJsTask)))[0m
[0m[[0m[0mdebug[0m] [0m[0mClause(Atom(play.sbt.Play),Set(Atom(com.typesafe.sbt.packager.archetypes.JavaServerAppPackaging)))[0m
[0m[[0m[0mdebug[0m] [0m[0mClause(Atom(play.sbt.Play),Set(Atom(play.twirl.sbt.SbtTwirl)))[0m
[0m[[0m[0mdebug[0m] [0m[0mClause(Atom(play.sbt.PlayFilters),Set(Atom(play.sbt.PlayWeb)))[0m
[0m[[0m[0mdebug[0m] [0m[0mClause(Atom(play.sbt.PlayJava),Set(Atom(play.sbt.PlayWeb)))[0m
[0m[[0m[0mdebug[0m] [0m[0mClause(Atom(play.sbt.PlayLayoutPlugin),Set(Atom(play.sbt.PlayWeb)))[0m
[0m[[0m[0mdebug[0m] [0m[0mClause(Atom(play.sbt.PlayLogback),Set(Atom(play.sbt.PlayService)))[0m
[0m[[0m[0mdebug[0m] [0m[0mClause(Atom(play.sbt.PlayMinimalJava),Set(Atom(play.sbt.PlayWeb)))[0m
[0m[[0m[0mdebug[0m] [0m[0mClause(Atom(play.sbt.PlayNettyServer),Set(Atom(play.sbt.PlayService)))[0m
[0m[[0m[0mdebug[0m] [0m[0mClause(Atom(play.sbt.PlayPekkoHttp2Support),Set(Atom(play.sbt.PlayPekkoHttpServer)))[0m
[0m[[0m[0mdebug[0m] [0m[0mClause(Atom(play.sbt.PlayPekkoHttpServer),Set(Atom(play.sbt.PlayService)))[0m
[0m[[0m[0mdebug[0m] [0m[0mClause(Atom(play.sbt.PlayScala),Set(Atom(play.sbt.PlayWeb)))[0m
[0m[[0m[0mdebug[0m] [0m[0mClause(Atom(play.sbt.PlayService),Set(Atom(com.typesafe.sbt.packager.archetypes.JavaServerAppPackaging)))[0m
[0m[[0m[0mdebug[0m] [0m[0mClause(Atom(play.sbt.PlayWeb),Set(Atom(play.sbt.routes.RoutesCompiler)))[0m
[0m[[0m[0mdebug[0m] [0m[0mClause(Atom(play.sbt.PlayWeb),Set(Atom(com.typesafe.sbt.jse.SbtJsTask)))[0m
[0m[[0m[0mdebug[0m] [0m[0mClause(Atom(play.sbt.PlayWeb),Set(Atom(play.sbt.PlayService)))[0m
[0m[[0m[0mdebug[0m] [0m[0mClause(Atom(play.sbt.PlayWeb),Set(Atom(play.twirl.sbt.SbtTwirl)))[0m
[0m[[0m[0mdebug[0m] [0m[0mClause(Atom(play.sbt.routes.RoutesCompiler),Set(Atom(sbt.plugins.JvmPlugin)))[0m
[0m[[0m[0mdebug[0m] [0m[0mClause(Atom(play.ebean.sbt.PlayEbean),Set(Atom(sbt.plugins.JvmPlugin)))[0m
[0m[[0m[0mdebug[0m] [0m[0mClause(Atom(play.twirl.sbt.SbtTwirl),Set(Atom(sbt.plugins.JvmPlugin)))[0m
[0m[[0m[0mdebug[0m] [0m[0mClause(Atom(com.typesafe.sbt.SbtNativePackager),Set(Atom(sbt.plugins.JvmPlugin)))[0m
[0m[[0m[0mdebug[0m] [0m[0mClause(Atom(com.typesafe.sbt.packager.archetypes.JavaAppPackaging),Set(Atom(com.typesafe.sbt.packager.windows.WindowsPlugin)))[0m
[0m[[0m[0mdebug[0m] [0m[0mClause(Atom(com.typesafe.sbt.packager.archetypes.JavaAppPackaging),Set(Atom(com.typesafe.sbt.packager.docker.DockerPlugin)))[0m
[0m[[0m[0mdebug[0m] [0m[0mClause(Atom(com.typesafe.sbt.packager.archetypes.JavaAppPackaging),Set(Atom(com.typesafe.sbt.packager.debian.DebianPlugin)))[0m
[0m[[0m[0mdebug[0m] [0m[0mClause(Atom(com.typesafe.sbt.packager.archetypes.JavaAppPackaging),Set(Atom(com.typesafe.sbt.packager.rpm.RpmPlugin)))[0m
[0m[[0m[0mdebug[0m] [0m[0mClause(Atom(com.typesafe.sbt.packager.archetypes.JavaServerAppPackaging),Set(Atom(com.typesafe.sbt.packager.archetypes.JavaAppPackaging)))[0m
[0m[[0m[0mdebug[0m] [0m[0mClause(Atom(com.typesafe.sbt.packager.archetypes.jar.ClasspathJarPlugin),Set(Atom(com.typesafe.sbt.packager.archetypes.JavaAppPackaging)))[0m
[0m[[0m[0mdebug[0m] [0m[0mClause(Atom(com.typesafe.sbt.packager.archetypes.jar.LauncherJarPlugin),Set(Atom(com.typesafe.sbt.packager.archetypes.JavaAppPackaging)))[0m
[0m[[0m[0mdebug[0m] [0m[0mClause(Atom(com.typesafe.sbt.packager.archetypes.jlink.JlinkPlugin),Set(Atom(com.typesafe.sbt.packager.archetypes.JavaAppPackaging)))[0m
[0m[[0m[0mdebug[0m] [0m[0mClause(Atom(com.typesafe.sbt.packager.archetypes.scripts.AshScriptPlugin),Set(Atom(com.typesafe.sbt.packager.archetypes.JavaAppPackaging)))[0m
[0m[[0m[0mdebug[0m] [0m[0mClause(Atom(com.typesafe.sbt.packager.archetypes.scripts.AshScriptPlugin),Set(Atom(com.typesafe.sbt.packager.archetypes.scripts.BashStartScriptPlugin)))[0m
[0m[[0m[0mdebug[0m] [0m[0mClause(Atom(com.typesafe.sbt.packager.archetypes.scripts.BashStartScriptPlugin),Set(Atom(com.typesafe.sbt.packager.archetypes.JavaAppPackaging)))[0m
[0m[[0m[0mdebug[0m] [0m[0mClause(Atom(com.typesafe.sbt.packager.archetypes.scripts.BatStartScriptPlugin),Set(Atom(com.typesafe.sbt.packager.archetypes.JavaAppPackaging)))[0m
[0m[[0m[0mdebug[0m] [0m[0mClause(Atom(com.typesafe.sbt.packager.archetypes.systemloader.SystemVPlugin),Set(Atom(com.typesafe.sbt.packager.archetypes.systemloader.SystemloaderPlugin)))[0m
[0m[[0m[0mdebug[0m] [0m[0mClause(Atom(com.typesafe.sbt.packager.archetypes.systemloader.SystemdPlugin),Set(Atom(com.typesafe.sbt.packager.archetypes.systemloader.SystemloaderPlugin)))[0m
[0m[[0m[0mdebug[0m] [0m[0mClause(Atom(com.typesafe.sbt.packager.archetypes.systemloader.SystemloaderPlugin),Set(Atom(com.typesafe.sbt.packager.debian.DebianPlugin)))[0m
[0m[[0m[0mdebug[0m] [0m[0mClause(Atom(com.typesafe.sbt.packager.archetypes.systemloader.SystemloaderPlugin),Set(Atom(com.typesafe.sbt.packager.rpm.RpmPlugin)))[0m
[0m[[0m[0mdebug[0m] [0m[0mClause(Atom(com.typesafe.sbt.packager.archetypes.systemloader.UpstartPlugin),Set(Atom(com.typesafe.sbt.packager.archetypes.systemloader.SystemloaderPlugin)))[0m
[0m[[0m[0mdebug[0m] [0m[0mClause(Atom(com.typesafe.sbt.packager.debian.DebianDeployPlugin),Set(Atom(com.typesafe.sbt.packager.debian.DebianPlugin)))[0m
[0m[[0m[0mdebug[0m] [0m[0mClause(Atom(com.typesafe.sbt.packager.debian.DebianPlugin),Set(Atom(com.typesafe.sbt.packager.linux.LinuxPlugin)))[0m
[0m[[0m[0mdebug[0m] [0m[0mClause(Atom(com.typesafe.sbt.packager.debian.JDebPackaging),Set(Atom(com.typesafe.sbt.packager.debian.DebianPlugin)))[0m
[0m[[0m[0mdebug[0m] [0m[0mClause(Atom(com.typesafe.sbt.packager.docker.DockerPlugin),Set(Atom(com.typesafe.sbt.packager.universal.UniversalPlugin)))[0m
[0m[[0m[0mdebug[0m] [0m[0mClause(Atom(com.typesafe.sbt.packager.docker.DockerSpotifyClientPlugin),Set(Atom(com.typesafe.sbt.packager.docker.DockerPlugin)))[0m
[0m[[0m[0mdebug[0m] [0m[0mClause(Atom(com.typesafe.sbt.packager.graalvmnativeimage.GraalVMNativeImagePlugin),Set(Atom(com.typesafe.sbt.packager.archetypes.JavaAppPackaging)))[0m
[0m[[0m[0mdebug[0m] [0m[0mClause(Atom(com.typesafe.sbt.packager.jdkpackager.JDKPackagerDeployPlugin),Set(Atom(com.typesafe.sbt.packager.jdkpackager.JDKPackagerPlugin)))[0m
[0m[[0m[0mdebug[0m] [0m[0mClause(Atom(com.typesafe.sbt.packager.jdkpackager.JDKPackagerPlugin),Set(Atom(com.typesafe.sbt.packager.archetypes.JavaAppPackaging)))[0m
[0m[[0m[0mdebug[0m] [0m[0mClause(Atom(com.typesafe.sbt.packager.jdkpackager.JDKPackagerPlugin),Set(Atom(com.typesafe.sbt.packager.archetypes.jar.LauncherJarPlugin)))[0m
[0m[[0m[0mdebug[0m] [0m[0mClause(Atom(com.typesafe.sbt.packager.linux.LinuxPlugin),Set(Atom(com.typesafe.sbt.packager.universal.UniversalPlugin)))[0m
[0m[[0m[0mdebug[0m] [0m[0mClause(Atom(com.typesafe.sbt.packager.rpm.RpmDeployPlugin),Set(Atom(com.typesafe.sbt.packager.rpm.RpmPlugin)))[0m
[0m[[0m[0mdebug[0m] [0m[0mClause(Atom(com.typesafe.sbt.packager.rpm.RpmPlugin),Set(Atom(com.typesafe.sbt.packager.linux.LinuxPlugin)))[0m
[0m[[0m[0mdebug[0m] [0m[0mClause(Atom(com.typesafe.sbt.packager.universal.UniversalDeployPlugin),Set(Atom(com.typesafe.sbt.packager.universal.UniversalPlugin)))[0m
[0m[[0m[0mdebug[0m] [0m[0mClause(Atom(com.typesafe.sbt.packager.universal.UniversalPlugin),Set(Atom(com.typesafe.sbt.SbtNativePackager)))[0m
[0m[[0m[0mdebug[0m] [0m[0mClause(Atom(com.typesafe.sbt.packager.windows.WindowsDeployPlugin),Set(Atom(com.typesafe.sbt.packager.windows.WindowsPlugin)))[0m
[0m[[0m[0mdebug[0m] [0m[0mClause(Atom(com.typesafe.sbt.packager.windows.WindowsPlugin),Set(Atom(com.typesafe.sbt.packager.universal.UniversalPlugin)))[0m
[0m[[0m[0mdebug[0m] [0m[0mClause(Atom(com.typesafe.sbt.web.SbtWeb),Set(Atom(sbt.plugins.JvmPlugin)))[0m
[0m[[0m[0mdebug[0m] [0m[0mClause(Atom(com.typesafe.sbt.jse.SbtJsEngine),Set(Atom(com.typesafe.sbt.web.SbtWeb)))[0m
[0m[[0m[0mdebug[0m] [0m[0mClause(Atom(com.typesafe.sbt.jse.SbtJsTask),Set(Atom(com.typesafe.sbt.jse.SbtJsEngine)))[0m
[0m[[0m[0mdebug[0m] [0m[0mClause(Atom(sbt.plugins.CorePlugin),Set(Atom(sbt.plugins.IvyPlugin)))[0m
[0m[[0m[0mdebug[0m] [0m[0mClause(Atom(sbt.plugins.IvyPlugin),Set(Atom(sbt.plugins.JvmPlugin)))[0m
[0m[[0m[0mdebug[0m] [0m[0mClause(Atom(sbt.plugins.JvmPlugin),Set(Atom(sbt.plugins.SemanticdbPlugin)))[0m
[0m[[0m[0mdebug[0m] [0m[0mClause(Atom(sbt.plugins.JvmPlugin),Set(Atom(sbt.plugins.JUnitXmlReportPlugin)))[0m
[0m[[0m[0mdebug[0m] [0m[0mClause(Atom(sbt.plugins.CorePlugin),Set(Atom(sbt.plugins.Giter8TemplatePlugin)))[0m
[0m[[0m[0mdebug[0m] [0m[0mClause(Atom(sbt.plugins.JvmPlugin),Set(Atom(sbt.plugins.MiniDependencyTreePlugin)))[0m
[0m[[0m[0mdebug[0m] [0m[0mClause(Atom(play.sbt.PlayWeb),Set(Atom(play.sbt.PlayFilters)))[0m
[0m[[0m[0mdebug[0m] [0m[0mClause(Atom(play.sbt.PlayWeb),Set(Atom(play.sbt.PlayLayoutPlugin)))[0m
[0m[[0m[0mdebug[0m] [0m[0mClause(Atom(play.sbt.PlayService),Set(Atom(play.sbt.PlayLogback)))[0m
[0m[[0m[0mdebug[0m] [0m[0mClause(Atom(play.sbt.PlayService),Set(Atom(play.sbt.PlayPekkoHttpServer)))[0m
[0m[[0m[0mdebug[0m] [0m[0mClause(Atom(com.typesafe.sbt.packager.archetypes.JavaAppPackaging),Set(Atom(com.typesafe.sbt.packager.archetypes.scripts.BashStartScriptPlugin)))[0m
[0m[[0m[0mdebug[0m] [0m[0mClause(Atom(com.typesafe.sbt.packager.archetypes.JavaAppPackaging),Set(Atom(com.typesafe.sbt.packager.archetypes.scripts.BatStartScriptPlugin)))[0m
[0m[[0m[0mdebug[0m] [0m[0mClause(Atom(com.typesafe.sbt.web.SbtWeb),Set(Atom(com.typesafe.sbt.jse.SbtJsEngine)))[0m
[0m[[0m[0mdebug[0m] [0m[0mClause(Atom(com.typesafe.sbt.jse.SbtJsEngine),Set(Atom(com.typesafe.sbt.jse.SbtJsTask))))[0m
[0m[[0m[0mdebug[0m] [0m[0m  :: deduced result: Matched(sbt.plugins.CorePlugin,play.ebean.sbt.PlayEbean,play.sbt.PlayJava,sbt.plugins.Giter8TemplatePlugin,sbt.plugins.IvyPlugin,sbt.plugins.JvmPlugin,play.sbt.PlayWeb,play.twirl.sbt.SbtTwirl,play.sbt.PlayService,sbt.plugins.SemanticdbPlugin,sbt.plugins.JUnitXmlReportPlugin,play.sbt.PlayFilters,play.sbt.PlayLayoutPlugin,play.sbt.routes.RoutesCompiler,com.typesafe.sbt.jse.SbtJsTask,sbt.plugins.MiniDependencyTreePlugin,play.sbt.PlayPekkoHttpServer,play.sbt.PlayLogback,com.typesafe.sbt.jse.SbtJsEngine,com.typesafe.sbt.packager.archetypes.JavaServerAppPackaging,com.typesafe.sbt.web.SbtWeb,com.typesafe.sbt.packager.archetypes.JavaAppPackaging,com.typesafe.sbt.packager.rpm.RpmPlugin,com.typesafe.sbt.packager.archetypes.scripts.BashStartScriptPlugin,com.typesafe.sbt.packager.windows.WindowsPlugin,com.typesafe.sbt.packager.archetypes.scripts.BatStartScriptPlugin,com.typesafe.sbt.packager.docker.DockerPlugin,com.typesafe.sbt.packager.debian.DebianPlugin,com.typesafe.sbt.packager.universal.UniversalPlugin,com.typesafe.sbt.packager.linux.LinuxPlugin,com.typesafe.sbt.SbtNativePackager)[0m
[0m[[0m[0mdebug[0m] [0m[0mPlugins.deducer#function took 6.558196 ms[0m
[0m[[0m[0minfo[0m] [0m[0mloading settings for project root from build.sbt ...[0m
[0m[[0m[0mdebug[0m] [0m[0m        Load.resolveProject(root) took 58.654793ms[0m
[0m[[0m[0mdebug[0m] [0m[0m      Load.loadTransitive: finalizeProject(Project(id root, base: /home/utkarsh/Documents/Play-Scala Chatroom Application, plugins: List(play.sbt.PlayJava && play.ebean.sbt.PlayEbean))) took 66.446662ms[0m
[0m[[0m[0mdebug[0m] [0m[0m[Loading] Done in /home/utkarsh/Documents/Play-Scala Chatroom Application, returning: (root)[0m
[0m[[0m[0mdebug[0m] [0m[0m    Load.loadUnit: loadedProjectsRaw took 100.119645ms[0m
[0m[[0m[0mdebug[0m] [0m[0m    Load.loadUnit: cleanEvalClasses took 0.336668ms[0m
[0m[[0m[0mdebug[0m] [0m[0m  Load.loadUnit(file:/home/utkarsh/Documents/Play-Scala%20Chatroom%20Application/, ...) took 1880.073409ms[0m
[0m[[0m[0mdebug[0m] [0m[0mLoad.apply: load took 1891.062784ms[0m
[0m[[0m[0mdebug[0m] [0m[0mLoad.apply: resolveProjects took 0.163746ms[0m
[0m[[0m[0mdebug[0m] [0m[0mLoad.apply: finalTransforms took 19.409299ms[0m
[0m[[0m[0mdebug[0m] [0m[0mLoad.apply: config.delegates took 0.88175ms[0m
[0m[[0m[0mdebug[0m] [0m[0mLoad.apply: Def.make(settings)... took 95.871309ms[0m
[0m[[0m[0mdebug[0m] [0m[0mLoad.apply: structureIndex took 23.399976ms[0m
[0m[[0m[0mdebug[0m] [0m[0mLoad.apply: mkStreams took 0.003889ms[0m
[0m[[0m[0minfo[0m] [0m[0m[32m  __              __[0m[0m
[0m[[0m[0minfo[0m] [0m[0m[32m  \ \     ____   / /____ _ __  __[0m[0m
[0m[[0m[0minfo[0m] [0m[0m[32m   \ \   / __ \ / // __ `// / / /[0m[0m
[0m[[0m[0minfo[0m] [0m[0m[32m   / /  / /_/ // // /_/ // /_/ /[0m[0m
[0m[[0m[0minfo[0m] [0m[0m[32m  /_/  / .___//_/ \__,_/ \__, /[0m[0m
[0m[[0m[0minfo[0m] [0m[0m[32m      /_/               /____/[0m[0m
[0m[[0m[0minfo[0m] [0m[0m[0m
[0m[[0m[0minfo[0m] [0m[0mVersion 3.0.3 running Java 21.0.3[0m
[0m[[0m[0minfo[0m] [0m[0m[0m
[0m[[0m[0minfo[0m] [0m[0m[1mPlay is run entirely by the community. Please consider contributing and/or donating:[0m[0m
[0m[[0m[0minfo[0m] [0m[0mhttps://www.playframework.com/sponsors[0m
[0m[[0m[0minfo[0m] [0m[0m[0m
[0m[[0m[0mdebug[0m] [0m[0m> Exec(sbtPopOnFailure, None, None)[0m
[0m[[0m[0mdebug[0m] [0m[0m> Exec(resumeFromFailure, None, None)[0m
[0m[[0m[0mdebug[0m] [0m[0m> Exec(notifyUsersAboutShell, None, None)[0m
[0m[[0m[0minfo[0m] [0m[0mExecuting in batch mode. For better performance use sbt's shell[0m
[0m[[0m[0mdebug[0m] [0m[0m> Exec(iflast shell, None, None)[0m
[0m[[0m[0mdebug[0m] [0m[0m> Exec(compile, None, None)[0m
[0m[[0m[0mdebug[0m] [0m[0mEvaluating tasks: Compile / compile[0m
[0m[[0m[0mdebug[0m] [0m[0mRunning task... Cancel: Signal, check cycles: false, forcegc: true[0m
[0m[[0m[32msuccess[0m] [0m[0mTotal time: 1 s, completed Jun 20, 2024, 3:06:52 PM[0m
[0m[[0m[0mdebug[0m] [0m[0m> Exec(+, None, None)[0m
[0m[[0m[0mdebug[0m] [0m[0m> Exec(++  2.13.14!, None, None)[0m
[0m[[0m[0minfo[0m] [0m[0mForcing Scala version to 2.13.14 on all projects.[0m
[0m[[0m[0mdebug[0m] [0m[0mSwitching Scala version on:[0m
[0m[[0m[0mdebug[0m] [0m[0m  * root (2.13.14, 3.3.3)[0m
[0m[[0m[0mdebug[0m] [0m[0mExcluding projects:[0m
[0m[[0m[0minfo[0m] [0m[0mReapplying settings...[0m
[0m[[0m[0minfo[0m] [0m[0m[32m  __              __[0m[0m
[0m[[0m[0minfo[0m] [0m[0m[32m  \ \     ____   / /____ _ __  __[0m[0m
[0m[[0m[0minfo[0m] [0m[0m[32m   \ \   / __ \ / // __ `// / / /[0m[0m
[0m[[0m[0minfo[0m] [0m[0m[32m   / /  / /_/ // // /_/ // /_/ /[0m[0m
[0m[[0m[0minfo[0m] [0m[0m[32m  /_/  / .___//_/ \__,_/ \__, /[0m[0m
[0m[[0m[0minfo[0m] [0m[0m[32m      /_/               /____/[0m[0m
[0m[[0m[0minfo[0m] [0m[0m[0m
[0m[[0m[0minfo[0m] [0m[0mVersion 3.0.3 running Java 21.0.3[0m
[0m[[0m[0minfo[0m] [0m[0m[0m
[0m[[0m[0minfo[0m] [0m[0m[1mPlay is run entirely by the community. Please consider contributing and/or donating:[0m[0m
[0m[[0m[0minfo[0m] [0m[0mhttps://www.playframework.com/sponsors[0m
[0m[[0m[0minfo[0m] [0m[0m[0m
[0m[[0m[0mdebug[0m] [0m[0m> Exec(, None, None)[0m
[0m[[0m[0mdebug[0m] [0m[0m> Exec(++  3.3.3!, None, None)[0m
[0m[[0m[0minfo[0m] [0m[0mForcing Scala version to 3.3.3 on all projects.[0m
[0m[[0m[0mdebug[0m] [0m[0mSwitching Scala version on:[0m
[0m[[0m[0mdebug[0m] [0m[0m  * root (2.13.14, 3.3.3)[0m
[0m[[0m[0mdebug[0m] [0m[0mExcluding projects:[0m
[0m[[0m[0minfo[0m] [0m[0mReapplying settings...[0m
[0m[[0m[0minfo[0m] [0m[0m[32m  __              __[0m[0m
[0m[[0m[0minfo[0m] [0m[0m[32m  \ \     ____   / /____ _ __  __[0m[0m
[0m[[0m[0minfo[0m] [0m[0m[32m   \ \   / __ \ / // __ `// / / /[0m[0m
[0m[[0m[0minfo[0m] [0m[0m[32m   / /  / /_/ // // /_/ // /_/ /[0m[0m
[0m[[0m[0minfo[0m] [0m[0m[32m  /_/  / .___//_/ \__,_/ \__, /[0m[0m
[0m[[0m[0minfo[0m] [0m[0m[32m      /_/               /____/[0m[0m
[0m[[0m[0minfo[0m] [0m[0m[0m
[0m[[0m[0minfo[0m] [0m[0mVersion 3.0.3 running Java 21.0.3[0m
[0m[[0m[0minfo[0m] [0m[0m[0m
[0m[[0m[0minfo[0m] [0m[0m[1mPlay is run entirely by the community. Please consider contributing and/or donating:[0m[0m
[0m[[0m[0minfo[0m] [0m[0mhttps://www.playframework.com/sponsors[0m
[0m[[0m[0minfo[0m] [0m[0m[0m
[0m[[0m[0mdebug[0m] [0m[0m> Exec(, None, None)[0m
[0m[[0m[0mdebug[0m] [0m[0m> Exec(+-, None, None)[0m
[0m[[0m[0minfo[0m] [0m[0mReapplying settings...[0m
[0m[[0m[0minfo[0m] [0m[0m[32m  __              __[0m[0m
[0m[[0m[0minfo[0m] [0m[0m[32m  \ \     ____   / /____ _ __  __[0m[0m
[0m[[0m[0minfo[0m] [0m[0m[32m   \ \   / __ \ / // __ `// / / /[0m[0m
[0m[[0m[0minfo[0m] [0m[0m[32m   / /  / /_/ // // /_/ // /_/ /[0m[0m
[0m[[0m[0minfo[0m] [0m[0m[32m  /_/  / .___//_/ \__,_/ \__, /[0m[0m
[0m[[0m[0minfo[0m] [0m[0m[32m      /_/               /____/[0m[0m
[0m[[0m[0minfo[0m] [0m[0m[0m
[0m[[0m[0minfo[0m] [0m[0mVersion 3.0.3 running Java 21.0.3[0m
[0m[[0m[0minfo[0m] [0m[0m[0m
[0m[[0m[0minfo[0m] [0m[0m[1mPlay is run entirely by the community. Please consider contributing and/or donating:[0m[0m
[0m[[0m[0minfo[0m] [0m[0mhttps://www.playframework.com/sponsors[0m
[0m[[0m[0minfo[0m] [0m[0m[0m
[0m[[0m[0mdebug[0m] [0m[0m> Exec(run, None, None)[0m
[0m[[0m[0mdebug[0m] [0m[0mEvaluating tasks: Compile / run[0m
[0m[[0m[0mdebug[0m] [0m[0mRunning task... Cancel: Signal, check cycles: false, forcegc: true[0m
[0m[[0m[0mdebug[0m] [0m[0mRunning task... Cancel: Signal, check cycles: false, forcegc: true[0m
[0m[[0m[0mdebug[0m] [0m[0mRunning task... Cancel: Signal, check cycles: false, forcegc: true[0m
[0m[[0m[0mdebug[0m] [0m[0mExporting web-assets:chatroom-application[0m
[0m[[0m[0mdebug[0m] [0m[0mRunning task... Cancel: Signal, check cycles: false, forcegc: true[0m
[0m[[0m[0minfo[0m] [0m[0mcompiling 2 Scala sources to /home/utkarsh/Documents/Play-Scala Chatroom Application/target/scala-2.13/classes ...[0m
[0m[[0m[0mdebug[0m] [0m[0mRunning task... Cancel: Signal, check cycles: false, forcegc: true[0m
[0m[[0m[0mdebug[0m] [0m[0mExporting web-assets:chatroom-application[0m
[0m[[0m[0minfo[0m] [0m[0mcompiling 11 Scala sources and 12 Java sources to /home/utkarsh/Documents/Play-Scala Chatroom Application/target/scala-2.13/classes ...[0m
[0m[[0m[33mwarn[0m] [0m[0m/home/utkarsh/Documents/Play-Scala Chatroom Application/app/views/Chatroom/Login.scala.html:22:66: symbol literal is deprecated; use Symbol("class") instead [quickfixable][0m
[0m[[0m[33mwarn[0m] [0m[0m            @form(action = routes.HomeController.authenticate(), 'class -> "form-horizontal pb-4") {[0m
[0m[[0m[33mwarn[0m] [0m[0m                                                                 ^[0m
[0m[[0m[33mwarn[0m] [0m[0m/home/utkarsh/Documents/Play-Scala Chatroom Application/app/views/Chatroom/Login.scala.html:24:50: symbol literal is deprecated; use Symbol("_label") instead [quickfixable][0m
[0m[[0m[33mwarn[0m] [0m[0m                @inputText(userForm("username"), '_label -> "Username", 'class -> "form-control")[0m
[0m[[0m[33mwarn[0m] [0m[0m                                                 ^[0m
[0m[[0m[33mwarn[0m] [0m[0m/home/utkarsh/Documents/Play-Scala Chatroom Application/app/views/Chatroom/Login.scala.html:24:73: symbol literal is deprecated; use Symbol("class") instead [quickfixable][0m
[0m[[0m[33mwarn[0m] [0m[0m                @inputText(userForm("username"), '_label -> "Username", 'class -> "form-control")[0m
[0m[[0m[33mwarn[0m] [0m[0m                                                                        ^[0m
[0m[[0m[33mwarn[0m] [0m[0m/home/utkarsh/Documents/Play-Scala Chatroom Application/app/views/Chatroom/Login.scala.html:27:54: symbol literal is deprecated; use Symbol("_label") instead [quickfixable][0m
[0m[[0m[33mwarn[0m] [0m[0m                @inputPassword(userForm("password"), '_label -> "Password", 'class -> "form-control")[0m
[0m[[0m[33mwarn[0m] [0m[0m                                                     ^[0m
[0m[[0m[33mwarn[0m] [0m[0m/home/utkarsh/Documents/Play-Scala Chatroom Application/app/views/Chatroom/Login.scala.html:27:77: symbol literal is deprecated; use Symbol("class") instead [quickfixable][0m
[0m[[0m[33mwarn[0m] [0m[0m                @inputPassword(userForm("password"), '_label -> "Password", 'class -> "form-control")[0m
[0m[[0m[33mwarn[0m] [0m[0m                                                                            ^[0m
[0m[[0m[33mwarn[0m] [0m[0m/home/utkarsh/Documents/Play-Scala Chatroom Application/app/views/Chatroom/Register.scala.html:21:58: symbol literal is deprecated; use Symbol("class") instead [quickfixable][0m
[0m[[0m[33mwarn[0m] [0m[0m            @form(action = routes.HomeController.save(), 'class -> "form-horizontal pb-4") {[0m
[0m[[0m[33mwarn[0m] [0m[0m                                                         ^[0m
[0m[[0m[33mwarn[0m] [0m[0m/home/utkarsh/Documents/Play-Scala Chatroom Application/app/views/Chatroom/Register.scala.html:23:50: symbol literal is deprecated; use Symbol("_label") instead [quickfixable][0m
[0m[[0m[33mwarn[0m] [0m[0m                @inputText(userForm("username"), '_label -> "Username", 'class -> "form-control")[0m
[0m[[0m[33mwarn[0m] [0m[0m                                                 ^[0m
[0m[[0m[33mwarn[0m] [0m[0m/home/utkarsh/Documents/Play-Scala Chatroom Application/app/views/Chatroom/Register.scala.html:23:73: symbol literal is deprecated; use Symbol("class") instead [quickfixable][0m
[0m[[0m[33mwarn[0m] [0m[0m                @inputText(userForm("username"), '_label -> "Username", 'class -> "form-control")[0m
[0m[[0m[33mwarn[0m] [0m[0m                                                                        ^[0m
[0m[[0m[33mwarn[0m] [0m[0m/home/utkarsh/Documents/Play-Scala Chatroom Application/app/views/Chatroom/Register.scala.html:26:50: symbol literal is deprecated; use Symbol("_label") instead [quickfixable][0m
[0m[[0m[33mwarn[0m] [0m[0m                @inputText(userForm("password"), '_label -> "Password", 'class -> "form-control")[0m
[0m[[0m[33mwarn[0m] [0m[0m                                                 ^[0m
[0m[[0m[33mwarn[0m] [0m[0m/home/utkarsh/Documents/Play-Scala Chatroom Application/app/views/Chatroom/Register.scala.html:26:73: symbol literal is deprecated; use Symbol("class") instead [quickfixable][0m
[0m[[0m[33mwarn[0m] [0m[0m                @inputText(userForm("password"), '_label -> "Password", 'class -> "form-control")[0m
[0m[[0m[33mwarn[0m] [0m[0m                                                                        ^[0m
[0m[[0m[33mwarn[0m] [0m[0m10 warnings found[0m
[0m[[0m[0minfo[0m] [0m[0mAnnotation processing is enabled because one or more processors were found[0m
[0m[[0m[0minfo[0m] [0m[0m  on the class path. A future release of javac may disable annotation processing[0m
[0m[[0m[0minfo[0m] [0m[0m  unless at least one processor is specified by name (-processor), or a search[0m
[0m[[0m[0minfo[0m] [0m[0m  path is specified (--processor-path, --processor-module-path), or annotation[0m
[0m[[0m[0minfo[0m] [0m[0m  processing is enabled explicitly (-proc:only, -proc:full).[0m
[0m[[0m[0minfo[0m] [0m[0m  Use -Xlint:-options to suppress this message.[0m
[0m[[0m[0minfo[0m] [0m[0m  Use -proc:none to disable annotation processing.[0m
[0m[[0m[31merror[0m] [0m[0mAn exception has occurred in the compiler (21.0.3). Please file a bug against the Java compiler via the Java bug reporting page (https://bugreport.java.com) after checking the Bug Database (https://bugs.java.com) for duplicates. Include your program, the following diagnostic, and the parameters passed to the Java compiler in your report. Thank you.[0m
[0m[[0m[31merror[0m] [0m[0mjava.lang.OutOfMemoryError: Metaspace[0m
[0m[[0m[31merror[0m] [0m[0m	at java.base/java.lang.ClassLoader.defineClass2(Native Method)[0m
[0m[[0m[31merror[0m] [0m[0m	at java.base/java.lang.ClassLoader.defineClass(ClassLoader.java:1118)[0m
[0m[[0m[31merror[0m] [0m[0m	at java.base/java.security.SecureClassLoader.defineClass(SecureClassLoader.java:182)[0m
[0m[[0m[31merror[0m] [0m[0m	at java.base/jdk.internal.loader.BuiltinClassLoader.defineClass(BuiltinClassLoader.java:821)[0m
[0m[[0m[31merror[0m] [0m[0m	at java.base/jdk.internal.loader.BuiltinClassLoader.findClassInModuleOrNull(BuiltinClassLoader.java:741)[0m
[0m[[0m[31merror[0m] [0m[0m	at java.base/jdk.internal.loader.BuiltinClassLoader.loadClassOrNull(BuiltinClassLoader.java:665)[0m
[0m[[0m[31merror[0m] [0m[0m	at java.base/jdk.internal.loader.BuiltinClassLoader.loadClass(BuiltinClassLoader.java:639)[0m
[0m[[0m[31merror[0m] [0m[0m	at java.base/jdk.internal.loader.ClassLoaders$AppClassLoader.loadClass(ClassLoaders.java:188)[0m
[0m[[0m[31merror[0m] [0m[0m	at java.base/java.lang.ClassLoader.loadClass(ClassLoader.java:526)[0m
[0m[[0m[31merror[0m] [0m[0m	at jdk.compiler/com.sun.tools.javac.comp.Infer$GraphSolver$InferenceGraph.initNodes(Infer.java:1898)[0m
[0m[[0m[31merror[0m] [0m[0m	at jdk.compiler/com.sun.tools.javac.comp.Infer$GraphSolver$InferenceGraph.<init>(Infer.java:1852)[0m
[0m[[0m[31merror[0m] [0m[0m	at jdk.compiler/com.sun.tools.javac.comp.Infer$GraphSolver.solve(Infer.java:1654)[0m
[0m[[0m[31merror[0m] [0m[0m	at jdk.compiler/com.sun.tools.javac.comp.InferenceContext.solve(InferenceContext.java:487)[0m
[0m[[0m[31merror[0m] [0m[0m	at jdk.compiler/com.sun.tools.javac.comp.InferenceContext.solve(InferenceContext.java:494)[0m
[0m[[0m[31merror[0m] [0m[0m	at jdk.compiler/com.sun.tools.javac.comp.Infer.instantiateMethod(Infer.java:211)[0m
[0m[[0m[31merror[0m] [0m[0m	at jdk.compiler/com.sun.tools.javac.comp.Resolve.rawInstantiate(Resolve.java:618)[0m
[0m[[0m[31merror[0m] [0m[0m	at jdk.compiler/com.sun.tools.javac.comp.Resolve.selectBest(Resolve.java:1584)[0m
[0m[[0m[31merror[0m] [0m[0m	at jdk.compiler/com.sun.tools.javac.comp.Resolve.findMethodInScope(Resolve.java:1790)[0m
[0m[[0m[31merror[0m] [0m[0m	at jdk.compiler/com.sun.tools.javac.comp.Resolve.findMethod(Resolve.java:1861)[0m
[0m[[0m[31merror[0m] [0m[0m	at jdk.compiler/com.sun.tools.javac.comp.Resolve.findMethod(Resolve.java:1834)[0m
[0m[[0m[31merror[0m] [0m[0m	at jdk.compiler/com.sun.tools.javac.comp.Resolve.findFun(Resolve.java:2005)[0m
[0m[[0m[31merror[0m] [0m[0m	at jdk.compiler/com.sun.tools.javac.comp.Resolve$11.doLookup(Resolve.java:2730)[0m
[0m[[0m[31merror[0m] [0m[0m	at jdk.compiler/com.sun.tools.javac.comp.Resolve$BasicLookupHelper.lookup(Resolve.java:3477)[0m
[0m[[0m[31merror[0m] [0m[0m	at jdk.compiler/com.sun.tools.javac.comp.Resolve.lookupMethod(Resolve.java:3729)[0m
[0m[[0m[31merror[0m] [0m[0m	at jdk.compiler/com.sun.tools.javac.comp.Resolve.lookupMethod(Resolve.java:3714)[0m
[0m[[0m[31merror[0m] [0m[0m	at jdk.compiler/com.sun.tools.javac.comp.Resolve.resolveMethod(Resolve.java:2726)[0m
[0m[[0m[31merror[0m] [0m[0m	at jdk.compiler/com.sun.tools.javac.comp.Attr.visitIdent(Attr.java:4319)[0m
[0m[[0m[31merror[0m] [0m[0m	at jdk.compiler/com.sun.tools.javac.tree.JCTree$JCIdent.accept(JCTree.java:2715)[0m
[0m[[0m[31merror[0m] [0m[0m	at jdk.compiler/com.sun.tools.javac.comp.Attr.attribTree(Attr.java:662)[0m
[0m[[0m[31merror[0m] [0m[0m	at jdk.compiler/com.sun.tools.javac.comp.Attr.visitApply(Attr.java:2617)[0m
[0m[[0m[31merror[0m] [0m[0m	at jdk.compiler/com.sun.tools.javac.tree.JCTree$JCMethodInvocation.accept(JCTree.java:1816)[0m
[0m[[0m[31merror[0m] [0m[0m	at jdk.compiler/com.sun.tools.javac.comp.Attr.attribTree(Attr.java:662)[0m
